<?xml version="1.0" encoding="UTF-8"?>
<!-- Generated by org.testng.reporters.JUnitXMLReporter -->
<testsuite hostname="Asifs-MBP" failures="4" tests="10" name="amazonTestCases" time="140.563" errors="0" timestamp="20 May 2018 13:10:15 GMT">
  <testcase classname="amazonTest.amazonTestCases" name="validatePageHeader" time="0.007"/>
  <testcase classname="amazonTest.amazonTestCases" name="validateErrorForIncorrectUserName" time="3.617"/>
  <testcase classname="amazonTest.amazonTestCases" name="validateErrorForIncorrectPassword" time="2.317"/>
  <testcase classname="amazonTest.amazonTestCases" name="validateReenterCorrectPassword" time="3.085"/>
  <testcase classname="amazonTest.amazonTestCases" name="validateSuccessfulLoginandPageHeader" time="4.314"/>
  <testcase classname="amazonTest.amazonTestCases" name="validateSearchAndAddFirstProduct" time="8.78"/>
  <testcase classname="amazonTest.amazonTestCases" name="validateItemNameAndPriceAndAddtoCart" time="25.549">
    <failure type="org.openqa.selenium.NoSuchElementException" message="Unable to locate element: #siNoCoverage\-announce
For documentation on this error, please visit: http://seleniumhq.org/exceptions/no_such_element.html
Build info: version: &amp;apos;3.11.0&amp;apos;, revision: &amp;apos;e59cfb3&amp;apos;, time: &amp;apos;2018-03-11T20:26:55.152Z&amp;apos;
System info: host: &amp;apos;Asifs-MBP&amp;apos;, ip: &amp;apos;2406:3003:2006:1348:94bf:455b:802a:9541%en0&amp;apos;, os.name: &amp;apos;Mac OS X&amp;apos;, os.arch: &amp;apos;x86_64&amp;apos;, os.version: &amp;apos;10.13.4&amp;apos;, java.version: &amp;apos;10.0.1&amp;apos;
Driver info: org.openqa.selenium.firefox.FirefoxDriver
Capabilities {acceptInsecureCerts: true, browserName: firefox, browserVersion: 60.0.1, javascriptEnabled: true, moz:accessibilityChecks: false, moz:headless: false, moz:processID: 2589, moz:profile: /var/folders/d5/l4n8lw5s5yn..., moz:useNonSpecCompliantPointerOrigin: false, moz:webdriverClick: true, pageLoadStrategy: normal, platform: MAC, platformName: MAC, platformVersion: 17.5.0, rotatable: false, timeouts: {implicit: 0, pageLoad: 300000, script: 30000}}
Session ID: 4d8c5ada-5dbf-3540-9267-b0ef9bd76a27
*** Element info: {Using=id, value=siNoCoverage-announce}">
      <![CDATA[org.openqa.selenium.NoSuchElementException: Unable to locate element: #siNoCoverage\-announce
For documentation on this error, please visit: http://seleniumhq.org/exceptions/no_such_element.html
Build info: version: '3.11.0', revision: 'e59cfb3', time: '2018-03-11T20:26:55.152Z'
System info: host: 'Asifs-MBP', ip: '2406:3003:2006:1348:94bf:455b:802a:9541%en0', os.name: 'Mac OS X', os.arch: 'x86_64', os.version: '10.13.4', java.version: '10.0.1'
Driver info: org.openqa.selenium.firefox.FirefoxDriver
Capabilities {acceptInsecureCerts: true, browserName: firefox, browserVersion: 60.0.1, javascriptEnabled: true, moz:accessibilityChecks: false, moz:headless: false, moz:processID: 2589, moz:profile: /var/folders/d5/l4n8lw5s5yn..., moz:useNonSpecCompliantPointerOrigin: false, moz:webdriverClick: true, pageLoadStrategy: normal, platform: MAC, platformName: MAC, platformVersion: 17.5.0, rotatable: false, timeouts: {implicit: 0, pageLoad: 300000, script: 30000}}
Session ID: 4d8c5ada-5dbf-3540-9267-b0ef9bd76a27
*** Element info: {Using=id, value=siNoCoverage-announce}
	at org.openqa.selenium.remote.http.W3CHttpResponseCodec.createException(W3CHttpResponseCodec.java:187)
	at org.openqa.selenium.remote.http.W3CHttpResponseCodec.decode(W3CHttpResponseCodec.java:122)
	at org.openqa.selenium.remote.http.W3CHttpResponseCodec.decode(W3CHttpResponseCodec.java:49)
	at org.openqa.selenium.remote.HttpCommandExecutor.execute(HttpCommandExecutor.java:158)
	at org.openqa.selenium.remote.service.DriverCommandExecutor.execute(DriverCommandExecutor.java:83)
	at org.openqa.selenium.remote.RemoteWebDriver.execute(RemoteWebDriver.java:545)
	at org.openqa.selenium.remote.RemoteWebDriver.findElement(RemoteWebDriver.java:319)
	at org.openqa.selenium.remote.RemoteWebDriver.findElementById(RemoteWebDriver.java:365)
	at org.openqa.selenium.By$ById.findElement(By.java:218)
	at org.openqa.selenium.remote.RemoteWebDriver.findElement(RemoteWebDriver.java:311)
	at visaChandler.com.amazon.ProductPurchasePage.noCoverageBtn(ProductPurchasePage.java:118)
	at visaChandler.com.amazon.ProductPurchasePage.clickNoCoverage(ProductPurchasePage.java:124)
	at amazonTest.amazonTestCases.validateItemNameAndPriceAndAddtoCart(amazonTestCases.java:169)
... Removed 28 stack frames]]>
    </failure>
  </testcase> <!-- validateItemNameAndPriceAndAddtoCart -->
  <testcase classname="amazonTest.amazonTestCases" name="validateProductAddedtoCart" time="25.013">
    <failure type="org.openqa.selenium.NoSuchElementException" message="Unable to locate element: #hlb\-ptc\-btn\-native
For documentation on this error, please visit: http://seleniumhq.org/exceptions/no_such_element.html
Build info: version: &amp;apos;3.11.0&amp;apos;, revision: &amp;apos;e59cfb3&amp;apos;, time: &amp;apos;2018-03-11T20:26:55.152Z&amp;apos;
System info: host: &amp;apos;Asifs-MBP&amp;apos;, ip: &amp;apos;2406:3003:2006:1348:94bf:455b:802a:9541%en0&amp;apos;, os.name: &amp;apos;Mac OS X&amp;apos;, os.arch: &amp;apos;x86_64&amp;apos;, os.version: &amp;apos;10.13.4&amp;apos;, java.version: &amp;apos;10.0.1&amp;apos;
Driver info: org.openqa.selenium.firefox.FirefoxDriver
Capabilities {acceptInsecureCerts: true, browserName: firefox, browserVersion: 60.0.1, javascriptEnabled: true, moz:accessibilityChecks: false, moz:headless: false, moz:processID: 2589, moz:profile: /var/folders/d5/l4n8lw5s5yn..., moz:useNonSpecCompliantPointerOrigin: false, moz:webdriverClick: true, pageLoadStrategy: normal, platform: MAC, platformName: MAC, platformVersion: 17.5.0, rotatable: false, timeouts: {implicit: 0, pageLoad: 300000, script: 30000}}
Session ID: 4d8c5ada-5dbf-3540-9267-b0ef9bd76a27
*** Element info: {Using=id, value=hlb-ptc-btn-native}">
      <![CDATA[org.openqa.selenium.NoSuchElementException: Unable to locate element: #hlb\-ptc\-btn\-native
For documentation on this error, please visit: http://seleniumhq.org/exceptions/no_such_element.html
Build info: version: '3.11.0', revision: 'e59cfb3', time: '2018-03-11T20:26:55.152Z'
System info: host: 'Asifs-MBP', ip: '2406:3003:2006:1348:94bf:455b:802a:9541%en0', os.name: 'Mac OS X', os.arch: 'x86_64', os.version: '10.13.4', java.version: '10.0.1'
Driver info: org.openqa.selenium.firefox.FirefoxDriver
Capabilities {acceptInsecureCerts: true, browserName: firefox, browserVersion: 60.0.1, javascriptEnabled: true, moz:accessibilityChecks: false, moz:headless: false, moz:processID: 2589, moz:profile: /var/folders/d5/l4n8lw5s5yn..., moz:useNonSpecCompliantPointerOrigin: false, moz:webdriverClick: true, pageLoadStrategy: normal, platform: MAC, platformName: MAC, platformVersion: 17.5.0, rotatable: false, timeouts: {implicit: 0, pageLoad: 300000, script: 30000}}
Session ID: 4d8c5ada-5dbf-3540-9267-b0ef9bd76a27
*** Element info: {Using=id, value=hlb-ptc-btn-native}
	at org.openqa.selenium.remote.http.W3CHttpResponseCodec.createException(W3CHttpResponseCodec.java:187)
	at org.openqa.selenium.remote.http.W3CHttpResponseCodec.decode(W3CHttpResponseCodec.java:122)
	at org.openqa.selenium.remote.http.W3CHttpResponseCodec.decode(W3CHttpResponseCodec.java:49)
	at org.openqa.selenium.remote.HttpCommandExecutor.execute(HttpCommandExecutor.java:158)
	at org.openqa.selenium.remote.service.DriverCommandExecutor.execute(DriverCommandExecutor.java:83)
	at org.openqa.selenium.remote.RemoteWebDriver.execute(RemoteWebDriver.java:545)
	at org.openqa.selenium.remote.RemoteWebDriver.findElement(RemoteWebDriver.java:319)
	at org.openqa.selenium.remote.RemoteWebDriver.findElementById(RemoteWebDriver.java:365)
	at org.openqa.selenium.By$ById.findElement(By.java:218)
	at org.openqa.selenium.remote.RemoteWebDriver.findElement(RemoteWebDriver.java:311)
	at visaChandler.com.amazon.ProductPurchasePage.getproceedToCheckoutBtn(ProductPurchasePage.java:65)
	at amazonTest.amazonTestCases.validateProductAddedtoCart(amazonTestCases.java:186)
... Removed 28 stack frames]]>
    </failure>
  </testcase> <!-- validateProductAddedtoCart -->
  <testcase classname="amazonTest.amazonTestCases" name="validateProductPriceAndNameInCart" time="27.319">
    <failure type="org.openqa.selenium.NoSuchElementException" message="Unable to locate element: //a[@class=&amp;apos;a-link-normal sc-product-link&amp;apos;]//span[@class=&amp;apos;a-size-medium sc-product-title a-text-bold&amp;apos;]
For documentation on this error, please visit: http://seleniumhq.org/exceptions/no_such_element.html
Build info: version: &amp;apos;3.11.0&amp;apos;, revision: &amp;apos;e59cfb3&amp;apos;, time: &amp;apos;2018-03-11T20:26:55.152Z&amp;apos;
System info: host: &amp;apos;Asifs-MBP&amp;apos;, ip: &amp;apos;2406:3003:2006:1348:94bf:455b:802a:9541%en0&amp;apos;, os.name: &amp;apos;Mac OS X&amp;apos;, os.arch: &amp;apos;x86_64&amp;apos;, os.version: &amp;apos;10.13.4&amp;apos;, java.version: &amp;apos;10.0.1&amp;apos;
Driver info: org.openqa.selenium.firefox.FirefoxDriver
Capabilities {acceptInsecureCerts: true, browserName: firefox, browserVersion: 60.0.1, javascriptEnabled: true, moz:accessibilityChecks: false, moz:headless: false, moz:processID: 2589, moz:profile: /var/folders/d5/l4n8lw5s5yn..., moz:useNonSpecCompliantPointerOrigin: false, moz:webdriverClick: true, pageLoadStrategy: normal, platform: MAC, platformName: MAC, platformVersion: 17.5.0, rotatable: false, timeouts: {implicit: 0, pageLoad: 300000, script: 30000}}
Session ID: 4d8c5ada-5dbf-3540-9267-b0ef9bd76a27
*** Element info: {Using=xpath, value=//a[@class=&amp;apos;a-link-normal sc-product-link&amp;apos;]//span[@class=&amp;apos;a-size-medium sc-product-title a-text-bold&amp;apos;]}">
      <![CDATA[org.openqa.selenium.NoSuchElementException: Unable to locate element: //a[@class='a-link-normal sc-product-link']//span[@class='a-size-medium sc-product-title a-text-bold']
For documentation on this error, please visit: http://seleniumhq.org/exceptions/no_such_element.html
Build info: version: '3.11.0', revision: 'e59cfb3', time: '2018-03-11T20:26:55.152Z'
System info: host: 'Asifs-MBP', ip: '2406:3003:2006:1348:94bf:455b:802a:9541%en0', os.name: 'Mac OS X', os.arch: 'x86_64', os.version: '10.13.4', java.version: '10.0.1'
Driver info: org.openqa.selenium.firefox.FirefoxDriver
Capabilities {acceptInsecureCerts: true, browserName: firefox, browserVersion: 60.0.1, javascriptEnabled: true, moz:accessibilityChecks: false, moz:headless: false, moz:processID: 2589, moz:profile: /var/folders/d5/l4n8lw5s5yn..., moz:useNonSpecCompliantPointerOrigin: false, moz:webdriverClick: true, pageLoadStrategy: normal, platform: MAC, platformName: MAC, platformVersion: 17.5.0, rotatable: false, timeouts: {implicit: 0, pageLoad: 300000, script: 30000}}
Session ID: 4d8c5ada-5dbf-3540-9267-b0ef9bd76a27
*** Element info: {Using=xpath, value=//a[@class='a-link-normal sc-product-link']//span[@class='a-size-medium sc-product-title a-text-bold']}
	at org.openqa.selenium.remote.http.W3CHttpResponseCodec.createException(W3CHttpResponseCodec.java:187)
	at org.openqa.selenium.remote.http.W3CHttpResponseCodec.decode(W3CHttpResponseCodec.java:122)
	at org.openqa.selenium.remote.http.W3CHttpResponseCodec.decode(W3CHttpResponseCodec.java:49)
	at org.openqa.selenium.remote.HttpCommandExecutor.execute(HttpCommandExecutor.java:158)
	at org.openqa.selenium.remote.service.DriverCommandExecutor.execute(DriverCommandExecutor.java:83)
	at org.openqa.selenium.remote.RemoteWebDriver.execute(RemoteWebDriver.java:545)
	at org.openqa.selenium.remote.RemoteWebDriver.findElement(RemoteWebDriver.java:319)
	at org.openqa.selenium.remote.RemoteWebDriver.findElementByXPath(RemoteWebDriver.java:421)
	at org.openqa.selenium.By$ByXPath.findElement(By.java:361)
	at org.openqa.selenium.remote.RemoteWebDriver.findElement(RemoteWebDriver.java:311)
	at visaChandler.com.amazon.ProductPurchasePage.cartProductName(ProductPurchasePage.java:75)
	at visaChandler.com.amazon.ProductPurchasePage.getcartProductName(ProductPurchasePage.java:134)
	at amazonTest.amazonTestCases.validateProductPriceAndNameInCart(amazonTestCases.java:201)
... Removed 28 stack frames]]>
    </failure>
  </testcase> <!-- validateProductPriceAndNameInCart -->
  <testcase classname="amazonTest.amazonTestCases" name="validateProductPresentAfterLogoutAndRelogin" time="30.697">
    <failure type="org.openqa.selenium.NoSuchElementException" message="Unable to locate element: //a[@class=&amp;apos;a-link-normal sc-product-link&amp;apos;]//span[@class=&amp;apos;a-size-medium sc-product-title a-text-bold&amp;apos;]
For documentation on this error, please visit: http://seleniumhq.org/exceptions/no_such_element.html
Build info: version: &amp;apos;3.11.0&amp;apos;, revision: &amp;apos;e59cfb3&amp;apos;, time: &amp;apos;2018-03-11T20:26:55.152Z&amp;apos;
System info: host: &amp;apos;Asifs-MBP&amp;apos;, ip: &amp;apos;2406:3003:2006:1348:94bf:455b:802a:9541%en0&amp;apos;, os.name: &amp;apos;Mac OS X&amp;apos;, os.arch: &amp;apos;x86_64&amp;apos;, os.version: &amp;apos;10.13.4&amp;apos;, java.version: &amp;apos;10.0.1&amp;apos;
Driver info: org.openqa.selenium.firefox.FirefoxDriver
Capabilities {acceptInsecureCerts: true, browserName: firefox, browserVersion: 60.0.1, javascriptEnabled: true, moz:accessibilityChecks: false, moz:headless: false, moz:processID: 2589, moz:profile: /var/folders/d5/l4n8lw5s5yn..., moz:useNonSpecCompliantPointerOrigin: false, moz:webdriverClick: true, pageLoadStrategy: normal, platform: MAC, platformName: MAC, platformVersion: 17.5.0, rotatable: false, timeouts: {implicit: 0, pageLoad: 300000, script: 30000}}
Session ID: 4d8c5ada-5dbf-3540-9267-b0ef9bd76a27
*** Element info: {Using=xpath, value=//a[@class=&amp;apos;a-link-normal sc-product-link&amp;apos;]//span[@class=&amp;apos;a-size-medium sc-product-title a-text-bold&amp;apos;]}">
      <![CDATA[org.openqa.selenium.NoSuchElementException: Unable to locate element: //a[@class='a-link-normal sc-product-link']//span[@class='a-size-medium sc-product-title a-text-bold']
For documentation on this error, please visit: http://seleniumhq.org/exceptions/no_such_element.html
Build info: version: '3.11.0', revision: 'e59cfb3', time: '2018-03-11T20:26:55.152Z'
System info: host: 'Asifs-MBP', ip: '2406:3003:2006:1348:94bf:455b:802a:9541%en0', os.name: 'Mac OS X', os.arch: 'x86_64', os.version: '10.13.4', java.version: '10.0.1'
Driver info: org.openqa.selenium.firefox.FirefoxDriver
Capabilities {acceptInsecureCerts: true, browserName: firefox, browserVersion: 60.0.1, javascriptEnabled: true, moz:accessibilityChecks: false, moz:headless: false, moz:processID: 2589, moz:profile: /var/folders/d5/l4n8lw5s5yn..., moz:useNonSpecCompliantPointerOrigin: false, moz:webdriverClick: true, pageLoadStrategy: normal, platform: MAC, platformName: MAC, platformVersion: 17.5.0, rotatable: false, timeouts: {implicit: 0, pageLoad: 300000, script: 30000}}
Session ID: 4d8c5ada-5dbf-3540-9267-b0ef9bd76a27
*** Element info: {Using=xpath, value=//a[@class='a-link-normal sc-product-link']//span[@class='a-size-medium sc-product-title a-text-bold']}
	at org.openqa.selenium.remote.http.W3CHttpResponseCodec.createException(W3CHttpResponseCodec.java:187)
	at org.openqa.selenium.remote.http.W3CHttpResponseCodec.decode(W3CHttpResponseCodec.java:122)
	at org.openqa.selenium.remote.http.W3CHttpResponseCodec.decode(W3CHttpResponseCodec.java:49)
	at org.openqa.selenium.remote.HttpCommandExecutor.execute(HttpCommandExecutor.java:158)
	at org.openqa.selenium.remote.service.DriverCommandExecutor.execute(DriverCommandExecutor.java:83)
	at org.openqa.selenium.remote.RemoteWebDriver.execute(RemoteWebDriver.java:545)
	at org.openqa.selenium.remote.RemoteWebDriver.findElement(RemoteWebDriver.java:319)
	at org.openqa.selenium.remote.RemoteWebDriver.findElementByXPath(RemoteWebDriver.java:421)
	at org.openqa.selenium.By$ByXPath.findElement(By.java:361)
	at org.openqa.selenium.remote.RemoteWebDriver.findElement(RemoteWebDriver.java:311)
	at visaChandler.com.amazon.ProductPurchasePage.cartProductName(ProductPurchasePage.java:75)
	at visaChandler.com.amazon.ProductPurchasePage.getcartProductName(ProductPurchasePage.java:134)
	at amazonTest.amazonTestCases.validateProductPresentAfterLogoutAndRelogin(amazonTestCases.java:225)
... Removed 28 stack frames]]>
    </failure>
  </testcase> <!-- validateProductPresentAfterLogoutAndRelogin -->
</testsuite> <!-- amazonTestCases -->
